<?xml version="1.0" encoding="UTF-8"?>
<!-- Generated by org.testng.reporters.JUnitXMLReporter -->
<testsuite ignored="0" hostname="DESKTOP-F6CAB6A" failures="1" tests="38" name="Sprint1" time="114.075" errors="0" timestamp="2024-02-06T15:02:29 IST">
  <testcase classname="TestNGPayC.Individual" name="Login" time="15.461"/>
  <testcase classname="TestNGPayC.Individual" name="Deposit_ACH" time="2.118"/>
  <testcase classname="TestNGPayC.Individual" name="Deposit_Wire" time="18.754"/>
  <testcase classname="TestNGPayC.Individual" name="Recent_Deposit" time="6.392"/>
  <testcase classname="TestNGPayC.Individual" name="Fiat_PayCircle_To_PayCircle_Transfer" time="2.211"/>
  <testcase classname="TestNGPayC.Individual" name="Recent_Transfer" time="2.145"/>
  <testcase classname="TestNGPayC.Individual" name="Splitpayment" time="2.161"/>
  <testcase classname="TestNGPayC.Individual" name="splitpayment_remainder_markaspaid" time="3.131"/>
  <testcase classname="TestNGPayC.Individual" name="Transfer_Others" time="2.095"/>
  <testcase classname="TestNGPayC.Individual" name="Transfer_OneTime" time="6.303"/>
  <testcase classname="TestNGPayC.Individual" name="Transfer_Recurring" time="2.107"/>
  <testcase classname="TestNGPayC.Individual" name="Selftransfer" time="2.145"/>
  <testcase classname="TestNGPayC.Individual" name="Recent_selftransfer" time="2.121"/>
  <testcase classname="TestNGPayC.Individual" name="Trade_Buy" time="2.158"/>
  <testcase classname="TestNGPayC.Individual" name="Trade_Sell" time="2.132"/>
  <testcase classname="TestNGPayC.Individual" name="Manage_Beneficiary" time="2.132"/>
  <testcase classname="TestNGPayC.Individual" name="Add_Wallet" time="2.104"/>
  <testcase classname="TestNGPayC.NewExperiment" name="testFB" time="0.001"/>
  <testcase classname="TestNGPayC.NewExperiment" name="testInsta" time="0.0"/>
  <testcase classname="TestNGPayC.NewExperiment" name="testTwitter" time="0.008">
    <failure type="java.lang.AssertionError" message="expected [true] but found [false]">
      <![CDATA[java.lang.AssertionError: expected [true] but found [false]
at TestNGPayC.NewExperiment.testTwitter(NewExperiment.java:21)
at java.base/java.util.ArrayList.forEach(ArrayList.java:1511)
... Removed 29 stack frames]]>
    </failure>
  </testcase> <!-- testTwitter -->
  <testcase classname="TestNGPayC.Business" name="Login" time="8.578"/>
  <testcase classname="TestNGPayC.Business" name="Deposit_ACH" time="0.018"/>
  <testcase classname="TestNGPayC.Business" name="Deposit_Wire" time="0.017"/>
  <testcase classname="TestNGPayC.Business" name="Recent_Deposit" time="0.015"/>
  <testcase classname="TestNGPayC.Business" name="Fiat_PayCircle_To_PayCircle_Transfer" time="0.022"/>
  <testcase classname="TestNGPayC.Business" name="Recent_Transfer" time="0.023"/>
  <testcase classname="TestNGPayC.Business" name="Fiat_PayCircle_to_Others" time="0.018"/>
  <testcase classname="TestNGPayC.Business" name="Transfer_OneTime" time="0.016"/>
  <testcase classname="TestNGPayC.Business" name="Transfer_Recurring" time="0.02"/>
  <testcase classname="TestNGPayC.Business" name="Selftransfer" time="0.019"/>
  <testcase classname="TestNGPayC.Business" name="Recent_Self_Transfer" time="0.024"/>
  <testcase classname="TestNGPayC.Business" name="Trade_Buy" time="0.022"/>
  <testcase classname="TestNGPayC.Business" name="Trade_SELL" time="0.064"/>
  <testcase classname="TestNGPayC.Business" name="Manage_Beneficiary" time="0.018"/>
  <testcase classname="TestNGPayC.Business" name="Add_Wallet" time="0.016"/>
  <testcase classname="TestNGPayC.Business" name="From_dashboard_search_Deposit" time="0.015"/>
  <testcase classname="TestNGPayC.Business" name="From_dashboard_search_transfer_PayCircle_to_PayCircle" time="0.013"/>
  <testcase classname="TestNGPayC.Business" name="From_dashboard_search_transfer_PayCircle_to_Others" time="0.012"/>
</testsuite> <!-- Sprint1 -->
