<?xml version="1.0" encoding="UTF-8"?>
<!-- Generated by org.testng.reporters.JUnitXMLReporter -->
<testsuite ignored="0" hostname="DESKTOP-F6CAB6A" failures="0" tests="3" name="Default test" time="8.619" errors="0" timestamp="2024-09-27T09:52:53 IST">
  <testcase classname="TestNGPayC.Leads" name="open_app" time="3.032"/>
  <testcase classname="TestNGPayC.Leads" name="Login" time="0.705"/>
  <testcase classname="TestNGPayC.Leads" name="LeadsNewTaskOpenActivities" time="4.833"/>
</testsuite> <!-- Default test -->
