<?xml version="1.0" encoding="UTF-8"?>
<!-- Generated by org.testng.reporters.JUnitXMLReporter -->
<testsuite ignored="0" hostname="DESKTOP-F6CAB6A" failures="0" tests="3" name="Default test" time="15.129" errors="0" timestamp="2024-10-01T16:06:06 IST">
  <testcase classname="TestNGPayC.Calls" name="open_app" time="2.369"/>
  <testcase classname="TestNGPayC.Calls" name="Login" time="0.576"/>
  <testcase classname="TestNGPayC.Calls" name="CallsDelete" time="12.147"/>
</testsuite> <!-- Default test -->
