<?xml version="1.0" encoding="UTF-8"?>
<testng-results ignored="0" total="3" passed="3" failed="0" skipped="0">
  <reporter-output>
  </reporter-output>
  <suite started-at="2024-09-26T09:01:25 IST" name="Default suite" finished-at="2024-09-26T09:01:34 IST" duration-ms="9682">
    <groups>
    </groups>
    <test started-at="2024-09-26T09:01:25 IST" name="Default test" finished-at="2024-09-26T09:01:34 IST" duration-ms="9682">
      <class name="TestNGPayC.Leads">
        <test-method signature="open_app()[pri:1, instance:TestNGPayC.Leads@1a6d8329]" started-at="2024-09-26T09:01:25 IST" name="open_app" finished-at="2024-09-26T09:01:28 IST" duration-ms="3332" status="PASS">
          <reporter-output>
          </reporter-output>
        </test-method> <!-- open_app -->
        <test-method signature="Login()[pri:2, instance:TestNGPayC.Leads@1a6d8329]" started-at="2024-09-26T09:01:28 IST" name="Login" finished-at="2024-09-26T09:01:29 IST" duration-ms="850" status="PASS">
          <reporter-output>
          </reporter-output>
        </test-method> <!-- Login -->
        <test-method signature="LeadsNewTaskOpenActivities()[pri:26, instance:TestNGPayC.Leads@1a6d8329]" started-at="2024-09-26T09:01:29 IST" name="LeadsNewTaskOpenActivities" finished-at="2024-09-26T09:01:34 IST" duration-ms="5451" status="PASS">
          <reporter-output>
          </reporter-output>
        </test-method> <!-- LeadsNewTaskOpenActivities -->
      </class> <!-- TestNGPayC.Leads -->
    </test> <!-- Default test -->
  </suite> <!-- Default suite -->
</testng-results>
