<?xml version="1.0" encoding="UTF-8"?>
<testng-results ignored="0" total="3" passed="3" failed="0" skipped="0">
  <reporter-output>
  </reporter-output>
  <suite started-at="2024-09-27T09:52:44 IST" name="Default suite" finished-at="2024-09-27T09:52:53 IST" duration-ms="8619">
    <groups>
    </groups>
    <test started-at="2024-09-27T09:52:44 IST" name="Default test" finished-at="2024-09-27T09:52:53 IST" duration-ms="8619">
      <class name="TestNGPayC.Leads">
        <test-method signature="open_app()[pri:1, instance:TestNGPayC.Leads@1a6d8329]" started-at="2024-09-27T09:52:45 IST" name="open_app" finished-at="2024-09-27T09:52:48 IST" duration-ms="3032" status="PASS">
          <reporter-output>
          </reporter-output>
        </test-method> <!-- open_app -->
        <test-method signature="Login()[pri:2, instance:TestNGPayC.Leads@1a6d8329]" started-at="2024-09-27T09:52:48 IST" name="Login" finished-at="2024-09-27T09:52:48 IST" duration-ms="705" status="PASS">
          <reporter-output>
          </reporter-output>
        </test-method> <!-- Login -->
        <test-method signature="LeadsNewTaskOpenActivities()[pri:28, instance:TestNGPayC.Leads@1a6d8329]" started-at="2024-09-27T09:52:48 IST" name="LeadsNewTaskOpenActivities" finished-at="2024-09-27T09:52:53 IST" duration-ms="4833" status="PASS">
          <reporter-output>
          </reporter-output>
        </test-method> <!-- LeadsNewTaskOpenActivities -->
      </class> <!-- TestNGPayC.Leads -->
    </test> <!-- Default test -->
  </suite> <!-- Default suite -->
</testng-results>
